{"/Users/wuhenli/CascadeProjects/order-book/src/App.tsx": {"path":"/Users/wuhenli/CascadeProjects/order-book/src/App.tsx","all":true,"statementMap":{"0":{"start":{"line":1,"column":0},"end":{"line":1,"column":32}},"2":{"start":{"line":3,"column":0},"end":{"line":3,"column":16}},"3":{"start":{"line":4,"column":0},"end":{"line":4,"column":10}},"4":{"start":{"line":5,"column":0},"end":{"line":5,"column":25}},"5":{"start":{"line":6,"column":0},"end":{"line":6,"column":14}},"6":{"start":{"line":7,"column":0},"end":{"line":7,"column":10}},"8":{"start":{"line":9,"column":0},"end":{"line":9,"column":1}},"10":{"start":{"line":11,"column":0},"end":{"line":11,"column":19}}},"s":{"0":0,"2":0,"3":0,"4":0,"5":0,"6":0,"8":0,"10":0},"branchMap":{"0":{"type":"branch","line":1,"loc":{"start":{"line":1,"column":141},"end":{"line":11,"column":19}},"locations":[{"start":{"line":1,"column":141},"end":{"line":11,"column":19}}]}},"b":{"0":[0]},"fnMap":{"0":{"name":"(empty-report)","decl":{"start":{"line":1,"column":141},"end":{"line":11,"column":19}},"loc":{"start":{"line":1,"column":141},"end":{"line":11,"column":19}},"line":1}},"f":{"0":0}}
,"/Users/wuhenli/CascadeProjects/order-book/src/main.tsx": {"path":"/Users/wuhenli/CascadeProjects/order-book/src/main.tsx","all":true,"statementMap":{"0":{"start":{"line":1,"column":0},"end":{"line":1,"column":35}},"1":{"start":{"line":2,"column":0},"end":{"line":2,"column":46}},"2":{"start":{"line":3,"column":0},"end":{"line":3,"column":28}},"3":{"start":{"line":4,"column":0},"end":{"line":4,"column":21}},"5":{"start":{"line":6,"column":0},"end":{"line":6,"column":52}},"6":{"start":{"line":7,"column":0},"end":{"line":7,"column":14}},"7":{"start":{"line":8,"column":0},"end":{"line":8,"column":11}},"8":{"start":{"line":9,"column":0},"end":{"line":9,"column":15}},"9":{"start":{"line":10,"column":0},"end":{"line":10,"column":2}}},"s":{"0":0,"1":0,"2":0,"3":0,"5":0,"6":0,"7":0,"8":0,"9":0},"branchMap":{"0":{"type":"branch","line":1,"loc":{"start":{"line":1,"column":207},"end":{"line":10,"column":-149}},"locations":[{"start":{"line":1,"column":207},"end":{"line":10,"column":-149}}]}},"b":{"0":[0]},"fnMap":{"0":{"name":"(empty-report)","decl":{"start":{"line":1,"column":207},"end":{"line":10,"column":-149}},"loc":{"start":{"line":1,"column":207},"end":{"line":10,"column":-149}},"line":1}},"f":{"0":0}}
,"/Users/wuhenli/CascadeProjects/order-book/src/lib/index.ts": {"path":"/Users/wuhenli/CascadeProjects/order-book/src/lib/index.ts","all":true,"statementMap":{},"s":{},"branchMap":{"0":{"type":"branch","line":1,"loc":{"start":{"line":1,"column":0},"end":{"line":1,"column":0}},"locations":[{"start":{"line":1,"column":0},"end":{"line":1,"column":0}}]}},"b":{"0":[1]},"fnMap":{"0":{"name":"(empty-report)","decl":{"start":{"line":1,"column":0},"end":{"line":1,"column":0}},"loc":{"start":{"line":1,"column":0},"end":{"line":1,"column":0}},"line":1}},"f":{"0":1}}
,"/Users/wuhenli/CascadeProjects/order-book/src/lib/components/OrderBook.tsx": {"path":"/Users/wuhenli/CascadeProjects/order-book/src/lib/components/OrderBook.tsx","all":false,"statementMap":{"0":{"start":{"line":1,"column":0},"end":{"line":1,"column":42}},"1":{"start":{"line":2,"column":0},"end":{"line":2,"column":44}},"2":{"start":{"line":3,"column":0},"end":{"line":3,"column":54}},"3":{"start":{"line":4,"column":0},"end":{"line":4,"column":50}},"15":{"start":{"line":16,"column":0},"end":{"line":16,"column":65}},"16":{"start":{"line":17,"column":0},"end":{"line":17,"column":48}},"19":{"start":{"line":20,"column":0},"end":{"line":20,"column":42}},"20":{"start":{"line":21,"column":0},"end":{"line":21,"column":42}},"21":{"start":{"line":22,"column":0},"end":{"line":22,"column":47}},"22":{"start":{"line":23,"column":0},"end":{"line":23,"column":59}},"25":{"start":{"line":26,"column":0},"end":{"line":26,"column":19}},"26":{"start":{"line":27,"column":0},"end":{"line":27,"column":59}},"27":{"start":{"line":28,"column":0},"end":{"line":28,"column":41}},"29":{"start":{"line":30,"column":0},"end":{"line":30,"column":30}},"30":{"start":{"line":31,"column":0},"end":{"line":31,"column":32}},"31":{"start":{"line":32,"column":0},"end":{"line":32,"column":36}},"32":{"start":{"line":33,"column":0},"end":{"line":33,"column":18}},"33":{"start":{"line":34,"column":0},"end":{"line":34,"column":40}},"34":{"start":{"line":35,"column":0},"end":{"line":35,"column":20}},"35":{"start":{"line":36,"column":0},"end":{"line":36,"column":19}},"37":{"start":{"line":38,"column":0},"end":{"line":38,"column":57}},"38":{"start":{"line":39,"column":0},"end":{"line":39,"column":39}},"39":{"start":{"line":40,"column":0},"end":{"line":40,"column":16}},"40":{"start":{"line":41,"column":0},"end":{"line":41,"column":41}},"41":{"start":{"line":42,"column":0},"end":{"line":42,"column":51}},"42":{"start":{"line":43,"column":0},"end":{"line":43,"column":9}},"43":{"start":{"line":44,"column":0},"end":{"line":44,"column":7}},"45":{"start":{"line":46,"column":0},"end":{"line":46,"column":42}},"46":{"start":{"line":47,"column":0},"end":{"line":47,"column":5}},"47":{"start":{"line":48,"column":0},"end":{"line":48,"column":18}},"50":{"start":{"line":51,"column":0},"end":{"line":51,"column":19}},"51":{"start":{"line":52,"column":0},"end":{"line":52,"column":41}},"52":{"start":{"line":53,"column":0},"end":{"line":53,"column":41}},"53":{"start":{"line":54,"column":0},"end":{"line":54,"column":18}},"55":{"start":{"line":56,"column":0},"end":{"line":56,"column":10}},"56":{"start":{"line":57,"column":0},"end":{"line":57,"column":32}},"57":{"start":{"line":58,"column":0},"end":{"line":58,"column":30}},"58":{"start":{"line":59,"column":0},"end":{"line":59,"column":27}},"59":{"start":{"line":60,"column":0},"end":{"line":60,"column":12}},"60":{"start":{"line":61,"column":0},"end":{"line":61,"column":31}},"61":{"start":{"line":62,"column":0},"end":{"line":62,"column":22}},"62":{"start":{"line":63,"column":0},"end":{"line":63,"column":20}},"63":{"start":{"line":64,"column":0},"end":{"line":64,"column":33}},"64":{"start":{"line":65,"column":0},"end":{"line":65,"column":48}},"65":{"start":{"line":66,"column":0},"end":{"line":66,"column":10}},"66":{"start":{"line":67,"column":0},"end":{"line":67,"column":27}},"67":{"start":{"line":68,"column":0},"end":{"line":68,"column":31}},"68":{"start":{"line":69,"column":0},"end":{"line":69,"column":39}},"69":{"start":{"line":70,"column":0},"end":{"line":70,"column":57}},"70":{"start":{"line":71,"column":0},"end":{"line":71,"column":47}},"71":{"start":{"line":72,"column":0},"end":{"line":72,"column":10}},"72":{"start":{"line":73,"column":0},"end":{"line":73,"column":22}},"73":{"start":{"line":74,"column":0},"end":{"line":74,"column":20}},"74":{"start":{"line":75,"column":0},"end":{"line":75,"column":33}},"75":{"start":{"line":76,"column":0},"end":{"line":76,"column":48}},"76":{"start":{"line":77,"column":0},"end":{"line":77,"column":28}},"77":{"start":{"line":78,"column":0},"end":{"line":78,"column":10}},"78":{"start":{"line":79,"column":0},"end":{"line":79,"column":12}},"79":{"start":{"line":80,"column":0},"end":{"line":80,"column":10}},"81":{"start":{"line":82,"column":0},"end":{"line":82,"column":2}},"83":{"start":{"line":84,"column":0},"end":{"line":84,"column":25}}},"s":{"0":1,"1":1,"2":1,"3":1,"15":1,"16":4,"19":4,"20":4,"21":4,"22":4,"25":4,"26":4,"27":1,"29":1,"30":0,"31":0,"32":0,"33":0,"34":0,"35":0,"37":0,"38":0,"39":0,"40":0,"41":0,"42":0,"43":0,"45":1,"46":1,"47":4,"50":4,"51":4,"52":4,"53":4,"55":4,"56":4,"57":4,"58":4,"59":4,"60":4,"61":4,"62":4,"63":4,"64":4,"65":4,"66":4,"67":4,"68":4,"69":4,"70":4,"71":4,"72":4,"73":4,"74":4,"75":4,"76":4,"77":4,"78":4,"79":4,"81":4,"83":1},"branchMap":{"0":{"type":"branch","line":16,"loc":{"start":{"line":16,"column":18},"end":{"line":82,"column":2}},"locations":[{"start":{"line":16,"column":18},"end":{"line":82,"column":2}}]},"1":{"type":"branch","line":65,"loc":{"start":{"line":65,"column":34},"end":{"line":65,"column":48}},"locations":[{"start":{"line":65,"column":34},"end":{"line":65,"column":48}}]},"2":{"type":"branch","line":76,"loc":{"start":{"line":76,"column":34},"end":{"line":76,"column":48}},"locations":[{"start":{"line":76,"column":34},"end":{"line":76,"column":48}}]},"3":{"type":"branch","line":26,"loc":{"start":{"line":26,"column":12},"end":{"line":48,"column":5}},"locations":[{"start":{"line":26,"column":12},"end":{"line":48,"column":5}}]},"4":{"type":"branch","line":27,"loc":{"start":{"line":27,"column":8},"end":{"line":27,"column":58}},"locations":[{"start":{"line":27,"column":8},"end":{"line":27,"column":58}}]},"5":{"type":"branch","line":27,"loc":{"start":{"line":27,"column":58},"end":{"line":47,"column":5}},"locations":[{"start":{"line":27,"column":58},"end":{"line":47,"column":5}}]},"6":{"type":"branch","line":30,"loc":{"start":{"line":30,"column":29},"end":{"line":44,"column":7}},"locations":[{"start":{"line":30,"column":29},"end":{"line":44,"column":7}}]},"7":{"type":"branch","line":51,"loc":{"start":{"line":51,"column":12},"end":{"line":54,"column":5}},"locations":[{"start":{"line":51,"column":12},"end":{"line":54,"column":5}}]}},"b":{"0":[4],"1":[0],"2":[0],"3":[4],"4":[1],"5":[1],"6":[0],"7":[4]},"fnMap":{"0":{"name":"OrderBook","decl":{"start":{"line":16,"column":18},"end":{"line":82,"column":2}},"loc":{"start":{"line":16,"column":18},"end":{"line":82,"column":2}},"line":16}},"f":{"0":4}}
,"/Users/wuhenli/CascadeProjects/order-book/src/lib/components/OrderBookLastPrice.tsx": {"path":"/Users/wuhenli/CascadeProjects/order-book/src/lib/components/OrderBookLastPrice.tsx","all":false,"statementMap":{"1":{"start":{"line":2,"column":0},"end":{"line":2,"column":28}},"3":{"start":{"line":4,"column":0},"end":{"line":4,"column":47}},"5":{"start":{"line":6,"column":0},"end":{"line":6,"column":65}},"6":{"start":{"line":7,"column":0},"end":{"line":7,"column":6}},"7":{"start":{"line":8,"column":0},"end":{"line":8,"column":38}},"8":{"start":{"line":9,"column":0},"end":{"line":9,"column":23}},"9":{"start":{"line":10,"column":0},"end":{"line":10,"column":23}},"10":{"start":{"line":11,"column":0},"end":{"line":11,"column":25}},"11":{"start":{"line":12,"column":0},"end":{"line":12,"column":19}},"12":{"start":{"line":13,"column":0},"end":{"line":13,"column":25}},"13":{"start":{"line":14,"column":0},"end":{"line":14,"column":26}},"14":{"start":{"line":15,"column":0},"end":{"line":15,"column":14}},"16":{"start":{"line":17,"column":0},"end":{"line":17,"column":40}},"17":{"start":{"line":18,"column":0},"end":{"line":18,"column":8}},"27":{"start":{"line":28,"column":0},"end":{"line":28,"column":39}},"29":{"start":{"line":30,"column":0},"end":{"line":30,"column":23}},"30":{"start":{"line":31,"column":0},"end":{"line":31,"column":26}},"31":{"start":{"line":32,"column":0},"end":{"line":32,"column":27}},"32":{"start":{"line":33,"column":0},"end":{"line":33,"column":25}},"33":{"start":{"line":34,"column":0},"end":{"line":34,"column":44}},"34":{"start":{"line":35,"column":0},"end":{"line":35,"column":6}},"35":{"start":{"line":36,"column":0},"end":{"line":36,"column":52}},"38":{"start":{"line":39,"column":0},"end":{"line":39,"column":42}},"39":{"start":{"line":40,"column":0},"end":{"line":40,"column":33}},"40":{"start":{"line":41,"column":0},"end":{"line":41,"column":58}},"41":{"start":{"line":42,"column":0},"end":{"line":42,"column":5}},"42":{"start":{"line":43,"column":0},"end":{"line":43,"column":35}},"43":{"start":{"line":44,"column":0},"end":{"line":44,"column":54}},"44":{"start":{"line":45,"column":0},"end":{"line":45,"column":5}},"45":{"start":{"line":46,"column":0},"end":{"line":46,"column":3}},"47":{"start":{"line":48,"column":0},"end":{"line":48,"column":14}},"48":{"start":{"line":49,"column":0},"end":{"line":49,"column":2}},"50":{"start":{"line":51,"column":0},"end":{"line":51,"column":58}},"51":{"start":{"line":52,"column":0},"end":{"line":52,"column":12}},"52":{"start":{"line":53,"column":0},"end":{"line":53,"column":12}},"53":{"start":{"line":54,"column":0},"end":{"line":54,"column":25}},"54":{"start":{"line":55,"column":0},"end":{"line":55,"column":23}},"55":{"start":{"line":56,"column":0},"end":{"line":56,"column":7}},"56":{"start":{"line":57,"column":0},"end":{"line":57,"column":66}},"57":{"start":{"line":58,"column":0},"end":{"line":58,"column":35}},"58":{"start":{"line":59,"column":0},"end":{"line":59,"column":14}},"59":{"start":{"line":60,"column":0},"end":{"line":60,"column":14}},"60":{"start":{"line":61,"column":0},"end":{"line":61,"column":23}},"61":{"start":{"line":62,"column":0},"end":{"line":62,"column":17}},"62":{"start":{"line":63,"column":0},"end":{"line":63,"column":4}},"64":{"start":{"line":65,"column":0},"end":{"line":65,"column":31}},"65":{"start":{"line":66,"column":0},"end":{"line":66,"column":43}},"66":{"start":{"line":67,"column":0},"end":{"line":67,"column":14}},"67":{"start":{"line":68,"column":0},"end":{"line":68,"column":35}},"68":{"start":{"line":69,"column":0},"end":{"line":69,"column":50}},"69":{"start":{"line":70,"column":0},"end":{"line":70,"column":8}},"70":{"start":{"line":71,"column":0},"end":{"line":71,"column":5}},"73":{"start":{"line":74,"column":0},"end":{"line":74,"column":44}},"74":{"start":{"line":75,"column":0},"end":{"line":75,"column":35}},"75":{"start":{"line":76,"column":0},"end":{"line":76,"column":16}},"76":{"start":{"line":77,"column":0},"end":{"line":77,"column":42}},"77":{"start":{"line":78,"column":0},"end":{"line":78,"column":52}},"78":{"start":{"line":79,"column":0},"end":{"line":79,"column":10}},"79":{"start":{"line":80,"column":0},"end":{"line":80,"column":7}},"80":{"start":{"line":81,"column":0},"end":{"line":81,"column":37}},"81":{"start":{"line":82,"column":0},"end":{"line":82,"column":16}},"82":{"start":{"line":83,"column":0},"end":{"line":83,"column":42}},"83":{"start":{"line":84,"column":0},"end":{"line":84,"column":52}},"84":{"start":{"line":85,"column":0},"end":{"line":85,"column":10}},"85":{"start":{"line":86,"column":0},"end":{"line":86,"column":7}},"86":{"start":{"line":87,"column":0},"end":{"line":87,"column":5}},"89":{"start":{"line":90,"column":0},"end":{"line":90,"column":12}},"90":{"start":{"line":91,"column":0},"end":{"line":91,"column":33}},"91":{"start":{"line":92,"column":0},"end":{"line":92,"column":48}},"92":{"start":{"line":93,"column":0},"end":{"line":93,"column":6}},"93":{"start":{"line":94,"column":0},"end":{"line":94,"column":4}},"95":{"start":{"line":96,"column":0},"end":{"line":96,"column":10}},"96":{"start":{"line":97,"column":0},"end":{"line":97,"column":8}},"97":{"start":{"line":98,"column":0},"end":{"line":98,"column":30}},"98":{"start":{"line":99,"column":0},"end":{"line":99,"column":61}},"99":{"start":{"line":100,"column":0},"end":{"line":100,"column":14}},"100":{"start":{"line":101,"column":0},"end":{"line":101,"column":27}},"101":{"start":{"line":102,"column":0},"end":{"line":102,"column":42}},"102":{"start":{"line":103,"column":0},"end":{"line":103,"column":8}},"104":{"start":{"line":105,"column":0},"end":{"line":105,"column":47}},"105":{"start":{"line":106,"column":0},"end":{"line":106,"column":22}},"106":{"start":{"line":107,"column":0},"end":{"line":107,"column":49}},"107":{"start":{"line":108,"column":0},"end":{"line":108,"column":20}},"108":{"start":{"line":109,"column":0},"end":{"line":109,"column":36}},"109":{"start":{"line":110,"column":0},"end":{"line":110,"column":80}},"110":{"start":{"line":111,"column":0},"end":{"line":111,"column":20}},"111":{"start":{"line":112,"column":0},"end":{"line":112,"column":42}},"112":{"start":{"line":113,"column":0},"end":{"line":113,"column":51}},"113":{"start":{"line":114,"column":0},"end":{"line":114,"column":28}},"114":{"start":{"line":115,"column":0},"end":{"line":115,"column":43}},"115":{"start":{"line":116,"column":0},"end":{"line":116,"column":14}},"116":{"start":{"line":117,"column":0},"end":{"line":117,"column":12}},"117":{"start":{"line":118,"column":0},"end":{"line":118,"column":15}},"119":{"start":{"line":120,"column":0},"end":{"line":120,"column":10}},"121":{"start":{"line":122,"column":0},"end":{"line":122,"column":2}},"123":{"start":{"line":124,"column":0},"end":{"line":124,"column":34}}},"s":{"1":1,"3":1,"5":1,"6":4,"7":4,"8":4,"9":4,"10":4,"11":4,"12":4,"13":4,"14":4,"16":4,"17":4,"27":1,"29":1,"30":14,"31":14,"32":14,"33":14,"34":14,"35":14,"38":10,"39":4,"40":2,"41":2,"42":2,"43":2,"44":2,"45":4,"47":2,"48":2,"50":1,"51":14,"52":14,"53":14,"54":14,"55":14,"56":14,"57":14,"58":14,"59":14,"60":14,"61":14,"62":14,"64":14,"65":14,"66":8,"67":8,"68":8,"69":8,"70":8,"73":10,"74":4,"75":2,"76":2,"77":2,"78":2,"79":2,"80":2,"81":2,"82":2,"83":2,"84":2,"85":2,"86":4,"89":2,"90":2,"91":2,"92":2,"93":14,"95":14,"96":14,"97":14,"98":14,"99":14,"100":14,"101":14,"102":14,"104":14,"105":14,"106":4,"107":4,"108":4,"109":4,"110":4,"111":4,"112":2,"113":2,"114":4,"115":4,"116":4,"117":4,"119":14,"121":14,"123":1},"branchMap":{"0":{"type":"branch","line":6,"loc":{"start":{"line":6,"column":53},"end":{"line":18,"column":8}},"locations":[{"start":{"line":6,"column":53},"end":{"line":18,"column":8}}]},"1":{"type":"branch","line":30,"loc":{"start":{"line":30,"column":22},"end":{"line":49,"column":2}},"locations":[{"start":{"line":30,"column":22},"end":{"line":49,"column":2}}]},"2":{"type":"branch","line":36,"loc":{"start":{"line":36,"column":7},"end":{"line":36,"column":40}},"locations":[{"start":{"line":36,"column":7},"end":{"line":36,"column":40}}]},"3":{"type":"branch","line":36,"loc":{"start":{"line":36,"column":40},"end":{"line":36,"column":52}},"locations":[{"start":{"line":36,"column":40},"end":{"line":36,"column":52}}]},"4":{"type":"branch","line":36,"loc":{"start":{"line":36,"column":47},"end":{"line":49,"column":2}},"locations":[{"start":{"line":36,"column":47},"end":{"line":49,"column":2}}]},"5":{"type":"branch","line":36,"loc":{"start":{"line":36,"column":47},"end":{"line":39,"column":41}},"locations":[{"start":{"line":36,"column":47},"end":{"line":39,"column":41}}]},"6":{"type":"branch","line":39,"loc":{"start":{"line":39,"column":41},"end":{"line":46,"column":3}},"locations":[{"start":{"line":39,"column":41},"end":{"line":46,"column":3}}]},"7":{"type":"branch","line":40,"loc":{"start":{"line":40,"column":32},"end":{"line":45,"column":5}},"locations":[{"start":{"line":40,"column":32},"end":{"line":45,"column":5}}]},"8":{"type":"branch","line":46,"loc":{"start":{"line":46,"column":2},"end":{"line":49,"column":2}},"locations":[{"start":{"line":46,"column":2},"end":{"line":49,"column":2}}]},"9":{"type":"branch","line":51,"loc":{"start":{"line":51,"column":56},"end":{"line":122,"column":2}},"locations":[{"start":{"line":51,"column":56},"end":{"line":122,"column":2}}]},"10":{"type":"branch","line":57,"loc":{"start":{"line":57,"column":16},"end":{"line":57,"column":59}},"locations":[{"start":{"line":57,"column":16},"end":{"line":57,"column":59}}]},"11":{"type":"branch","line":57,"loc":{"start":{"line":57,"column":55},"end":{"line":57,"column":66}},"locations":[{"start":{"line":57,"column":55},"end":{"line":57,"column":66}}]},"12":{"type":"branch","line":106,"loc":{"start":{"line":106,"column":7},"end":{"line":118,"column":15}},"locations":[{"start":{"line":106,"column":7},"end":{"line":118,"column":15}}]},"13":{"type":"branch","line":112,"loc":{"start":{"line":112,"column":36},"end":{"line":113,"column":51}},"locations":[{"start":{"line":112,"column":36},"end":{"line":113,"column":51}}]},"14":{"type":"branch","line":113,"loc":{"start":{"line":113,"column":45},"end":{"line":114,"column":28}},"locations":[{"start":{"line":113,"column":45},"end":{"line":114,"column":28}}]},"15":{"type":"branch","line":65,"loc":{"start":{"line":65,"column":24},"end":{"line":94,"column":4}},"locations":[{"start":{"line":65,"column":24},"end":{"line":94,"column":4}}]},"16":{"type":"branch","line":66,"loc":{"start":{"line":66,"column":9},"end":{"line":66,"column":42}},"locations":[{"start":{"line":66,"column":9},"end":{"line":66,"column":42}}]},"17":{"type":"branch","line":66,"loc":{"start":{"line":66,"column":42},"end":{"line":71,"column":5}},"locations":[{"start":{"line":66,"column":42},"end":{"line":71,"column":5}}]},"18":{"type":"branch","line":71,"loc":{"start":{"line":71,"column":4},"end":{"line":93,"column":6}},"locations":[{"start":{"line":71,"column":4},"end":{"line":93,"column":6}}]},"19":{"type":"branch","line":71,"loc":{"start":{"line":71,"column":4},"end":{"line":74,"column":43}},"locations":[{"start":{"line":71,"column":4},"end":{"line":74,"column":43}}]},"20":{"type":"branch","line":74,"loc":{"start":{"line":74,"column":43},"end":{"line":87,"column":5}},"locations":[{"start":{"line":74,"column":43},"end":{"line":87,"column":5}}]},"21":{"type":"branch","line":75,"loc":{"start":{"line":75,"column":34},"end":{"line":86,"column":7}},"locations":[{"start":{"line":75,"column":34},"end":{"line":86,"column":7}}]},"22":{"type":"branch","line":87,"loc":{"start":{"line":87,"column":4},"end":{"line":93,"column":6}},"locations":[{"start":{"line":87,"column":4},"end":{"line":93,"column":6}}]}},"b":{"0":[4],"1":[14],"2":[9],"3":[8],"4":[10],"5":[6],"6":[4],"7":[2],"8":[2],"9":[14],"10":[9],"11":[5],"12":[4],"13":[2],"14":[2],"15":[14],"16":[9],"17":[8],"18":[10],"19":[6],"20":[4],"21":[2],"22":[2]},"fnMap":{"0":{"name":"ArrowIcon","decl":{"start":{"line":6,"column":53},"end":{"line":18,"column":8}},"loc":{"start":{"line":6,"column":53},"end":{"line":18,"column":8}},"line":6},"1":{"name":"getArrowProps","decl":{"start":{"line":30,"column":22},"end":{"line":49,"column":2}},"loc":{"start":{"line":30,"column":22},"end":{"line":49,"column":2}},"line":30},"2":{"name":"OrderBookLastPrice","decl":{"start":{"line":51,"column":56},"end":{"line":122,"column":2}},"loc":{"start":{"line":51,"column":56},"end":{"line":122,"column":2}},"line":51},"3":{"name":"getPriceStyle","decl":{"start":{"line":65,"column":24},"end":{"line":94,"column":4}},"loc":{"start":{"line":65,"column":24},"end":{"line":94,"column":4}},"line":65}},"f":{"0":4,"1":14,"2":14,"3":14}}
,"/Users/wuhenli/CascadeProjects/order-book/src/lib/components/OrderBookRow.tsx": {"path":"/Users/wuhenli/CascadeProjects/order-book/src/lib/components/OrderBookRow.tsx","all":false,"statementMap":{"0":{"start":{"line":1,"column":0},"end":{"line":1,"column":26}},"1":{"start":{"line":2,"column":0},"end":{"line":2,"column":28}},"2":{"start":{"line":3,"column":0},"end":{"line":3,"column":61}},"3":{"start":{"line":4,"column":0},"end":{"line":4,"column":38}},"12":{"start":{"line":13,"column":0},"end":{"line":13,"column":52}},"13":{"start":{"line":14,"column":0},"end":{"line":14,"column":8}},"14":{"start":{"line":15,"column":0},"end":{"line":15,"column":12}},"15":{"start":{"line":16,"column":0},"end":{"line":16,"column":7}},"16":{"start":{"line":17,"column":0},"end":{"line":17,"column":11}},"17":{"start":{"line":18,"column":0},"end":{"line":18,"column":7}},"19":{"start":{"line":20,"column":0},"end":{"line":20,"column":31}},"20":{"start":{"line":21,"column":0},"end":{"line":21,"column":55}},"21":{"start":{"line":22,"column":0},"end":{"line":22,"column":66}},"22":{"start":{"line":23,"column":0},"end":{"line":23,"column":66}},"25":{"start":{"line":26,"column":0},"end":{"line":26,"column":67}},"27":{"start":{"line":28,"column":0},"end":{"line":28,"column":57}},"28":{"start":{"line":29,"column":0},"end":{"line":29,"column":32}},"29":{"start":{"line":30,"column":0},"end":{"line":30,"column":32}},"30":{"start":{"line":31,"column":0},"end":{"line":31,"column":5}},"32":{"start":{"line":33,"column":0},"end":{"line":33,"column":37}},"35":{"start":{"line":36,"column":0},"end":{"line":36,"column":43}},"36":{"start":{"line":37,"column":0},"end":{"line":37,"column":44}},"38":{"start":{"line":39,"column":0},"end":{"line":39,"column":19}},"40":{"start":{"line":41,"column":0},"end":{"line":41,"column":61}},"41":{"start":{"line":42,"column":0},"end":{"line":42,"column":36}},"42":{"start":{"line":43,"column":0},"end":{"line":43,"column":32}},"43":{"start":{"line":44,"column":0},"end":{"line":44,"column":33}},"44":{"start":{"line":45,"column":0},"end":{"line":45,"column":60}},"46":{"start":{"line":47,"column":0},"end":{"line":47,"column":38}},"47":{"start":{"line":48,"column":0},"end":{"line":48,"column":61}},"48":{"start":{"line":49,"column":0},"end":{"line":49,"column":55}},"49":{"start":{"line":50,"column":0},"end":{"line":50,"column":45}},"50":{"start":{"line":51,"column":0},"end":{"line":51,"column":63}},"51":{"start":{"line":52,"column":0},"end":{"line":52,"column":57}},"52":{"start":{"line":53,"column":0},"end":{"line":53,"column":5}},"53":{"start":{"line":54,"column":0},"end":{"line":54,"column":3}},"55":{"start":{"line":56,"column":0},"end":{"line":56,"column":51}},"57":{"start":{"line":58,"column":0},"end":{"line":58,"column":75}},"59":{"start":{"line":60,"column":0},"end":{"line":60,"column":10}},"60":{"start":{"line":61,"column":0},"end":{"line":61,"column":47}},"61":{"start":{"line":62,"column":0},"end":{"line":62,"column":10}},"62":{"start":{"line":63,"column":0},"end":{"line":63,"column":28}},"63":{"start":{"line":64,"column":0},"end":{"line":64,"column":16}},"64":{"start":{"line":65,"column":0},"end":{"line":65,"column":31}},"65":{"start":{"line":66,"column":0},"end":{"line":66,"column":17}},"66":{"start":{"line":67,"column":0},"end":{"line":67,"column":19}},"67":{"start":{"line":68,"column":0},"end":{"line":68,"column":25}},"68":{"start":{"line":69,"column":0},"end":{"line":69,"column":39}},"69":{"start":{"line":70,"column":0},"end":{"line":70,"column":20}},"70":{"start":{"line":71,"column":0},"end":{"line":71,"column":10}},"71":{"start":{"line":72,"column":0},"end":{"line":72,"column":8}},"72":{"start":{"line":73,"column":0},"end":{"line":73,"column":71}},"73":{"start":{"line":74,"column":0},"end":{"line":74,"column":34}},"74":{"start":{"line":75,"column":0},"end":{"line":75,"column":12}},"75":{"start":{"line":76,"column":0},"end":{"line":76,"column":75}},"76":{"start":{"line":77,"column":0},"end":{"line":77,"column":34}},"77":{"start":{"line":78,"column":0},"end":{"line":78,"column":12}},"78":{"start":{"line":79,"column":0},"end":{"line":79,"column":66}},"79":{"start":{"line":80,"column":0},"end":{"line":80,"column":10}},"81":{"start":{"line":82,"column":0},"end":{"line":82,"column":2}},"83":{"start":{"line":84,"column":0},"end":{"line":84,"column":28}}},"s":{"0":1,"1":1,"2":1,"3":1,"12":1,"13":30,"14":30,"15":30,"16":30,"17":30,"19":30,"20":30,"21":30,"22":30,"25":30,"27":30,"28":30,"29":30,"30":30,"32":30,"35":30,"36":30,"38":30,"40":28,"41":28,"42":22,"43":6,"44":30,"46":2,"47":1,"48":1,"49":1,"50":1,"51":1,"52":1,"53":2,"55":30,"57":30,"59":30,"60":30,"61":30,"62":30,"63":30,"64":30,"65":30,"66":30,"67":30,"68":30,"69":30,"70":30,"71":30,"72":30,"73":30,"74":30,"75":30,"76":30,"77":30,"78":30,"79":30,"81":30,"83":1},"branchMap":{"0":{"type":"branch","line":13,"loc":{"start":{"line":13,"column":50},"end":{"line":82,"column":2}},"locations":[{"start":{"line":13,"column":50},"end":{"line":82,"column":2}}]},"1":{"type":"branch","line":21,"loc":{"start":{"line":21,"column":21},"end":{"line":21,"column":43}},"locations":[{"start":{"line":21,"column":21},"end":{"line":21,"column":43}}]},"2":{"type":"branch","line":21,"loc":{"start":{"line":21,"column":29},"end":{"line":21,"column":55}},"locations":[{"start":{"line":21,"column":29},"end":{"line":21,"column":55}}]},"3":{"type":"branch","line":22,"loc":{"start":{"line":22,"column":24},"end":{"line":22,"column":50}},"locations":[{"start":{"line":22,"column":24},"end":{"line":22,"column":50}}]},"4":{"type":"branch","line":22,"loc":{"start":{"line":22,"column":32},"end":{"line":22,"column":66}},"locations":[{"start":{"line":22,"column":32},"end":{"line":22,"column":66}}]},"5":{"type":"branch","line":23,"loc":{"start":{"line":23,"column":24},"end":{"line":23,"column":50}},"locations":[{"start":{"line":23,"column":24},"end":{"line":23,"column":50}}]},"6":{"type":"branch","line":23,"loc":{"start":{"line":23,"column":32},"end":{"line":23,"column":66}},"locations":[{"start":{"line":23,"column":32},"end":{"line":23,"column":66}}]},"7":{"type":"branch","line":26,"loc":{"start":{"line":26,"column":22},"end":{"line":26,"column":67}},"locations":[{"start":{"line":26,"column":22},"end":{"line":26,"column":67}}]},"8":{"type":"branch","line":39,"loc":{"start":{"line":39,"column":18},"end":{"line":45,"column":13}},"locations":[{"start":{"line":39,"column":18},"end":{"line":45,"column":13}}]},"9":{"type":"branch","line":42,"loc":{"start":{"line":42,"column":31},"end":{"line":43,"column":32}},"locations":[{"start":{"line":42,"column":31},"end":{"line":43,"column":32}}]},"10":{"type":"branch","line":43,"loc":{"start":{"line":43,"column":8},"end":{"line":44,"column":33}},"locations":[{"start":{"line":43,"column":8},"end":{"line":44,"column":33}}]},"11":{"type":"branch","line":45,"loc":{"start":{"line":45,"column":2},"end":{"line":54,"column":3}},"locations":[{"start":{"line":45,"column":2},"end":{"line":54,"column":3}}]},"12":{"type":"branch","line":47,"loc":{"start":{"line":47,"column":37},"end":{"line":53,"column":5}},"locations":[{"start":{"line":47,"column":37},"end":{"line":53,"column":5}}]},"13":{"type":"branch","line":58,"loc":{"start":{"line":58,"column":37},"end":{"line":58,"column":73}},"locations":[{"start":{"line":58,"column":37},"end":{"line":58,"column":73}}]},"14":{"type":"branch","line":58,"loc":{"start":{"line":58,"column":67},"end":{"line":58,"column":75}},"locations":[{"start":{"line":58,"column":67},"end":{"line":58,"column":75}}]}},"b":{"0":[30],"1":[24],"2":[6],"3":[24],"4":[6],"5":[24],"6":[6],"7":[2],"8":[28],"9":[22],"10":[6],"11":[2],"12":[1],"13":[29],"14":[1]},"fnMap":{"0":{"name":"OrderBookRow","decl":{"start":{"line":13,"column":50},"end":{"line":82,"column":2}},"loc":{"start":{"line":13,"column":50},"end":{"line":82,"column":2}},"line":13}},"f":{"0":30}}
,"/Users/wuhenli/CascadeProjects/order-book/src/lib/components/OrderBookSide.tsx": {"path":"/Users/wuhenli/CascadeProjects/order-book/src/lib/components/OrderBookSide.tsx","all":false,"statementMap":{"0":{"start":{"line":1,"column":0},"end":{"line":1,"column":26}},"1":{"start":{"line":2,"column":0},"end":{"line":2,"column":42}},"11":{"start":{"line":12,"column":0},"end":{"line":12,"column":54}},"12":{"start":{"line":13,"column":0},"end":{"line":13,"column":7}},"13":{"start":{"line":14,"column":0},"end":{"line":14,"column":9}},"14":{"start":{"line":15,"column":0},"end":{"line":15,"column":13}},"15":{"start":{"line":16,"column":0},"end":{"line":16,"column":20}},"16":{"start":{"line":17,"column":0},"end":{"line":17,"column":7}},"17":{"start":{"line":18,"column":0},"end":{"line":18,"column":18}},"18":{"start":{"line":19,"column":0},"end":{"line":19,"column":21}},"19":{"start":{"line":20,"column":0},"end":{"line":20,"column":22}},"20":{"start":{"line":21,"column":0},"end":{"line":21,"column":25}},"21":{"start":{"line":22,"column":0},"end":{"line":22,"column":41}},"22":{"start":{"line":23,"column":0},"end":{"line":23,"column":10}},"24":{"start":{"line":25,"column":0},"end":{"line":25,"column":10}},"25":{"start":{"line":26,"column":0},"end":{"line":26,"column":8}},"26":{"start":{"line":27,"column":0},"end":{"line":27,"column":77}},"28":{"start":{"line":29,"column":0},"end":{"line":29,"column":22}},"29":{"start":{"line":30,"column":0},"end":{"line":30,"column":57}},"30":{"start":{"line":31,"column":0},"end":{"line":31,"column":71}},"31":{"start":{"line":32,"column":0},"end":{"line":32,"column":62}},"32":{"start":{"line":33,"column":0},"end":{"line":33,"column":63}},"33":{"start":{"line":34,"column":0},"end":{"line":34,"column":14}},"35":{"start":{"line":36,"column":0},"end":{"line":36,"column":34}},"36":{"start":{"line":37,"column":0},"end":{"line":37,"column":32}},"37":{"start":{"line":38,"column":0},"end":{"line":38,"column":76}},"38":{"start":{"line":39,"column":0},"end":{"line":39,"column":18}},"39":{"start":{"line":40,"column":0},"end":{"line":40,"column":25}},"40":{"start":{"line":41,"column":0},"end":{"line":41,"column":31}},"41":{"start":{"line":42,"column":0},"end":{"line":42,"column":27}},"42":{"start":{"line":43,"column":0},"end":{"line":43,"column":35}},"43":{"start":{"line":44,"column":0},"end":{"line":44,"column":25}},"44":{"start":{"line":45,"column":0},"end":{"line":45,"column":33}},"45":{"start":{"line":46,"column":0},"end":{"line":46,"column":14}},"47":{"start":{"line":48,"column":0},"end":{"line":48,"column":11}},"48":{"start":{"line":49,"column":0},"end":{"line":49,"column":12}},"49":{"start":{"line":50,"column":0},"end":{"line":50,"column":10}},"51":{"start":{"line":52,"column":0},"end":{"line":52,"column":2}},"53":{"start":{"line":54,"column":0},"end":{"line":54,"column":29}}},"s":{"0":1,"1":1,"11":1,"12":14,"13":14,"14":14,"15":14,"16":14,"17":14,"18":14,"19":8,"20":2,"21":6,"22":6,"24":14,"25":14,"26":14,"28":14,"29":9,"30":9,"31":9,"32":9,"33":9,"35":14,"36":14,"37":22,"38":22,"39":22,"40":22,"41":22,"42":22,"43":22,"44":22,"45":22,"47":14,"48":14,"49":14,"51":14,"53":1},"branchMap":{"0":{"type":"branch","line":12,"loc":{"start":{"line":12,"column":52},"end":{"line":52,"column":2}},"locations":[{"start":{"line":12,"column":52},"end":{"line":52,"column":2}}]},"1":{"type":"branch","line":19,"loc":{"start":{"line":19,"column":20},"end":{"line":22,"column":41}},"locations":[{"start":{"line":19,"column":20},"end":{"line":22,"column":41}}]},"2":{"type":"branch","line":20,"loc":{"start":{"line":20,"column":17},"end":{"line":21,"column":25}},"locations":[{"start":{"line":20,"column":17},"end":{"line":21,"column":25}}]},"3":{"type":"branch","line":21,"loc":{"start":{"line":21,"column":20},"end":{"line":22,"column":41}},"locations":[{"start":{"line":21,"column":20},"end":{"line":22,"column":41}}]},"4":{"type":"branch","line":22,"loc":{"start":{"line":22,"column":36},"end":{"line":23,"column":10}},"locations":[{"start":{"line":22,"column":36},"end":{"line":23,"column":10}}]},"5":{"type":"branch","line":27,"loc":{"start":{"line":27,"column":41},"end":{"line":27,"column":63}},"locations":[{"start":{"line":27,"column":41},"end":{"line":27,"column":63}}]},"6":{"type":"branch","line":27,"loc":{"start":{"line":27,"column":49},"end":{"line":27,"column":74}},"locations":[{"start":{"line":27,"column":49},"end":{"line":27,"column":74}}]},"7":{"type":"branch","line":29,"loc":{"start":{"line":29,"column":7},"end":{"line":34,"column":14}},"locations":[{"start":{"line":29,"column":7},"end":{"line":34,"column":14}}]},"8":{"type":"branch","line":37,"loc":{"start":{"line":37,"column":20},"end":{"line":48,"column":9}},"locations":[{"start":{"line":37,"column":20},"end":{"line":48,"column":9}}]}},"b":{"0":[14],"1":[8],"2":[2],"3":[6],"4":[6],"5":[5],"6":[9],"7":[9],"8":[22]},"fnMap":{"0":{"name":"OrderBookSide","decl":{"start":{"line":12,"column":52},"end":{"line":52,"column":2}},"loc":{"start":{"line":12,"column":52},"end":{"line":52,"column":2}},"line":12}},"f":{"0":14}}
,"/Users/wuhenli/CascadeProjects/order-book/src/lib/container/OrderBookContainer.tsx": {"path":"/Users/wuhenli/CascadeProjects/order-book/src/lib/container/OrderBookContainer.tsx","all":true,"statementMap":{"0":{"start":{"line":1,"column":0},"end":{"line":1,"column":53}},"1":{"start":{"line":2,"column":0},"end":{"line":2,"column":48}},"3":{"start":{"line":4,"column":0},"end":{"line":4,"column":34}},"4":{"start":{"line":5,"column":0},"end":{"line":5,"column":50}},"6":{"start":{"line":7,"column":0},"end":{"line":7,"column":67}},"7":{"start":{"line":8,"column":0},"end":{"line":8,"column":2}},"9":{"start":{"line":10,"column":0},"end":{"line":10,"column":34}}},"s":{"0":0,"1":0,"3":0,"4":0,"6":0,"7":0,"9":0},"branchMap":{"0":{"type":"branch","line":1,"loc":{"start":{"line":1,"column":297},"end":{"line":10,"column":34}},"locations":[{"start":{"line":1,"column":297},"end":{"line":10,"column":34}}]}},"b":{"0":[0]},"fnMap":{"0":{"name":"(empty-report)","decl":{"start":{"line":1,"column":297},"end":{"line":10,"column":34}},"loc":{"start":{"line":1,"column":297},"end":{"line":10,"column":34}},"line":1}},"f":{"0":0}}
,"/Users/wuhenli/CascadeProjects/order-book/src/lib/helpers/utils.ts": {"path":"/Users/wuhenli/CascadeProjects/order-book/src/lib/helpers/utils.ts","all":false,"statementMap":{"0":{"start":{"line":1,"column":0},"end":{"line":1,"column":55}},"1":{"start":{"line":2,"column":0},"end":{"line":2,"column":41}},"2":{"start":{"line":3,"column":0},"end":{"line":3,"column":29}},"3":{"start":{"line":4,"column":0},"end":{"line":4,"column":29}},"4":{"start":{"line":5,"column":0},"end":{"line":5,"column":19}},"5":{"start":{"line":6,"column":0},"end":{"line":6,"column":2}},"7":{"start":{"line":8,"column":0},"end":{"line":8,"column":54}},"8":{"start":{"line":9,"column":0},"end":{"line":9,"column":41}},"9":{"start":{"line":10,"column":0},"end":{"line":10,"column":29}},"10":{"start":{"line":11,"column":0},"end":{"line":11,"column":29}},"11":{"start":{"line":12,"column":0},"end":{"line":12,"column":17}},"12":{"start":{"line":13,"column":0},"end":{"line":13,"column":2}}},"s":{"0":1,"1":39,"2":39,"3":39,"4":39,"5":39,"7":1,"8":60,"9":60,"10":60,"11":60,"12":60},"branchMap":{"0":{"type":"branch","line":1,"loc":{"start":{"line":1,"column":27},"end":{"line":6,"column":2}},"locations":[{"start":{"line":1,"column":27},"end":{"line":6,"column":2}}]},"1":{"type":"branch","line":8,"loc":{"start":{"line":8,"column":28},"end":{"line":13,"column":2}},"locations":[{"start":{"line":8,"column":28},"end":{"line":13,"column":2}}]}},"b":{"0":[39],"1":[60]},"fnMap":{"0":{"name":"formatPrice","decl":{"start":{"line":1,"column":27},"end":{"line":6,"column":2}},"loc":{"start":{"line":1,"column":27},"end":{"line":6,"column":2}},"line":1},"1":{"name":"formatNumber","decl":{"start":{"line":8,"column":28},"end":{"line":13,"column":2}},"loc":{"start":{"line":8,"column":28},"end":{"line":13,"column":2}},"line":8}},"f":{"0":39,"1":60}}
,"/Users/wuhenli/CascadeProjects/order-book/src/lib/hooks/useOrderBook.ts": {"path":"/Users/wuhenli/CascadeProjects/order-book/src/lib/hooks/useOrderBook.ts","all":true,"statementMap":{"0":{"start":{"line":1,"column":0},"end":{"line":1,"column":44}},"1":{"start":{"line":2,"column":0},"end":{"line":2,"column":8}},"5":{"start":{"line":6,"column":0},"end":{"line":6,"column":56}},"6":{"start":{"line":7,"column":0},"end":{"line":7,"column":38}},"9":{"start":{"line":10,"column":0},"end":{"line":10,"column":48}},"10":{"start":{"line":11,"column":0},"end":{"line":11,"column":40}},"12":{"start":{"line":13,"column":0},"end":{"line":13,"column":35}},"13":{"start":{"line":14,"column":0},"end":{"line":14,"column":61}},"14":{"start":{"line":15,"column":0},"end":{"line":15,"column":13}},"15":{"start":{"line":16,"column":0},"end":{"line":16,"column":13}},"16":{"start":{"line":17,"column":0},"end":{"line":17,"column":5}},"17":{"start":{"line":18,"column":0},"end":{"line":18,"column":65}},"19":{"start":{"line":20,"column":0},"end":{"line":20,"column":19}},"20":{"start":{"line":21,"column":0},"end":{"line":21,"column":44}},"21":{"start":{"line":22,"column":0},"end":{"line":22,"column":39}},"24":{"start":{"line":25,"column":0},"end":{"line":25,"column":9}},"26":{"start":{"line":27,"column":0},"end":{"line":27,"column":10}},"27":{"start":{"line":28,"column":0},"end":{"line":28,"column":14}},"28":{"start":{"line":29,"column":0},"end":{"line":29,"column":14}},"29":{"start":{"line":30,"column":0},"end":{"line":30,"column":4}},"30":{"start":{"line":31,"column":0},"end":{"line":31,"column":2}}},"s":{"0":0,"1":0,"5":0,"6":0,"9":0,"10":0,"12":0,"13":0,"14":0,"15":0,"16":0,"17":0,"19":0,"20":0,"21":0,"24":0,"26":0,"27":0,"28":0,"29":0,"30":0},"branchMap":{"0":{"type":"branch","line":1,"loc":{"start":{"line":1,"column":817},"end":{"line":31,"column":2}},"locations":[{"start":{"line":1,"column":817},"end":{"line":31,"column":2}}]}},"b":{"0":[0]},"fnMap":{"0":{"name":"(empty-report)","decl":{"start":{"line":1,"column":817},"end":{"line":31,"column":2}},"loc":{"start":{"line":1,"column":817},"end":{"line":31,"column":2}},"line":1}},"f":{"0":0}}
,"/Users/wuhenli/CascadeProjects/order-book/src/lib/services/OrderBookService.ts": {"path":"/Users/wuhenli/CascadeProjects/order-book/src/lib/services/OrderBookService.ts","all":false,"statementMap":{"0":{"start":{"line":1,"column":0},"end":{"line":1,"column":8}},"29":{"start":{"line":30,"column":0},"end":{"line":30,"column":31}},"30":{"start":{"line":31,"column":0},"end":{"line":31,"column":31}},"31":{"start":{"line":32,"column":0},"end":{"line":32,"column":43}},"32":{"start":{"line":33,"column":0},"end":{"line":33,"column":74}},"33":{"start":{"line":34,"column":0},"end":{"line":34,"column":34}},"34":{"start":{"line":35,"column":0},"end":{"line":35,"column":37}},"35":{"start":{"line":36,"column":0},"end":{"line":36,"column":34}},"36":{"start":{"line":37,"column":0},"end":{"line":37,"column":64}},"37":{"start":{"line":38,"column":0},"end":{"line":38,"column":34}},"40":{"start":{"line":41,"column":0},"end":{"line":41,"column":27}},"44":{"start":{"line":45,"column":0},"end":{"line":45,"column":7}},"45":{"start":{"line":46,"column":0},"end":{"line":46,"column":20}},"46":{"start":{"line":47,"column":0},"end":{"line":47,"column":20}},"47":{"start":{"line":48,"column":0},"end":{"line":48,"column":17}},"48":{"start":{"line":49,"column":0},"end":{"line":49,"column":4}},"50":{"start":{"line":51,"column":0},"end":{"line":51,"column":17}},"51":{"start":{"line":52,"column":0},"end":{"line":52,"column":44}},"52":{"start":{"line":53,"column":0},"end":{"line":53,"column":46}},"53":{"start":{"line":54,"column":0},"end":{"line":54,"column":21}},"54":{"start":{"line":55,"column":0},"end":{"line":55,"column":25}},"55":{"start":{"line":56,"column":0},"end":{"line":56,"column":8}},"56":{"start":{"line":57,"column":0},"end":{"line":57,"column":27}},"57":{"start":{"line":58,"column":0},"end":{"line":58,"column":49}},"58":{"start":{"line":59,"column":0},"end":{"line":59,"column":8}},"59":{"start":{"line":60,"column":0},"end":{"line":60,"column":22}},"60":{"start":{"line":61,"column":0},"end":{"line":61,"column":40}},"61":{"start":{"line":62,"column":0},"end":{"line":62,"column":8}},"62":{"start":{"line":63,"column":0},"end":{"line":63,"column":7}},"63":{"start":{"line":64,"column":0},"end":{"line":64,"column":3}},"65":{"start":{"line":66,"column":0},"end":{"line":66,"column":58}},"66":{"start":{"line":67,"column":0},"end":{"line":67,"column":46}},"68":{"start":{"line":69,"column":0},"end":{"line":69,"column":43}},"70":{"start":{"line":71,"column":0},"end":{"line":71,"column":43}},"71":{"start":{"line":72,"column":0},"end":{"line":72,"column":54}},"74":{"start":{"line":75,"column":0},"end":{"line":75,"column":39}},"75":{"start":{"line":76,"column":0},"end":{"line":76,"column":39}},"78":{"start":{"line":79,"column":0},"end":{"line":79,"column":51}},"79":{"start":{"line":80,"column":0},"end":{"line":80,"column":23}},"80":{"start":{"line":81,"column":0},"end":{"line":81,"column":52}},"81":{"start":{"line":82,"column":0},"end":{"line":82,"column":9}},"82":{"start":{"line":83,"column":0},"end":{"line":83,"column":9}},"84":{"start":{"line":85,"column":0},"end":{"line":85,"column":51}},"85":{"start":{"line":86,"column":0},"end":{"line":86,"column":23}},"86":{"start":{"line":87,"column":0},"end":{"line":87,"column":52}},"87":{"start":{"line":88,"column":0},"end":{"line":88,"column":9}},"88":{"start":{"line":89,"column":0},"end":{"line":89,"column":9}},"91":{"start":{"line":92,"column":0},"end":{"line":92,"column":35}},"92":{"start":{"line":93,"column":0},"end":{"line":93,"column":47}},"94":{"start":{"line":95,"column":0},"end":{"line":95,"column":10}},"95":{"start":{"line":96,"column":0},"end":{"line":96,"column":35}},"96":{"start":{"line":97,"column":0},"end":{"line":97,"column":50}},"97":{"start":{"line":98,"column":0},"end":{"line":98,"column":9}},"98":{"start":{"line":99,"column":0},"end":{"line":99,"column":31}},"99":{"start":{"line":100,"column":0},"end":{"line":100,"column":77}},"100":{"start":{"line":101,"column":0},"end":{"line":101,"column":65}},"101":{"start":{"line":102,"column":0},"end":{"line":102,"column":17}},"102":{"start":{"line":103,"column":0},"end":{"line":103,"column":9}},"104":{"start":{"line":105,"column":0},"end":{"line":105,"column":70}},"105":{"start":{"line":106,"column":0},"end":{"line":106,"column":60}},"106":{"start":{"line":107,"column":0},"end":{"line":107,"column":17}},"107":{"start":{"line":108,"column":0},"end":{"line":108,"column":9}},"109":{"start":{"line":110,"column":0},"end":{"line":110,"column":39}},"110":{"start":{"line":111,"column":0},"end":{"line":111,"column":35}},"111":{"start":{"line":112,"column":0},"end":{"line":112,"column":27}},"112":{"start":{"line":113,"column":0},"end":{"line":113,"column":15}},"113":{"start":{"line":114,"column":0},"end":{"line":114,"column":7}},"115":{"start":{"line":116,"column":0},"end":{"line":116,"column":43}},"118":{"start":{"line":119,"column":0},"end":{"line":119,"column":51}},"119":{"start":{"line":120,"column":0},"end":{"line":120,"column":33}},"120":{"start":{"line":121,"column":0},"end":{"line":121,"column":49}},"121":{"start":{"line":122,"column":0},"end":{"line":122,"column":16}},"122":{"start":{"line":123,"column":0},"end":{"line":123,"column":52}},"123":{"start":{"line":124,"column":0},"end":{"line":124,"column":9}},"124":{"start":{"line":125,"column":0},"end":{"line":125,"column":9}},"126":{"start":{"line":127,"column":0},"end":{"line":127,"column":51}},"127":{"start":{"line":128,"column":0},"end":{"line":128,"column":33}},"128":{"start":{"line":129,"column":0},"end":{"line":129,"column":49}},"129":{"start":{"line":130,"column":0},"end":{"line":130,"column":16}},"130":{"start":{"line":131,"column":0},"end":{"line":131,"column":52}},"131":{"start":{"line":132,"column":0},"end":{"line":132,"column":9}},"132":{"start":{"line":133,"column":0},"end":{"line":133,"column":9}},"133":{"start":{"line":134,"column":0},"end":{"line":134,"column":5}},"136":{"start":{"line":137,"column":0},"end":{"line":137,"column":24}},"137":{"start":{"line":138,"column":0},"end":{"line":138,"column":4}},"139":{"start":{"line":140,"column":0},"end":{"line":140,"column":26}},"141":{"start":{"line":142,"column":0},"end":{"line":142,"column":38}},"142":{"start":{"line":143,"column":0},"end":{"line":143,"column":15}},"143":{"start":{"line":144,"column":0},"end":{"line":144,"column":15}},"144":{"start":{"line":145,"column":0},"end":{"line":145,"column":46}},"145":{"start":{"line":146,"column":0},"end":{"line":146,"column":6}},"150":{"start":{"line":151,"column":0},"end":{"line":151,"column":69}},"151":{"start":{"line":152,"column":0},"end":{"line":152,"column":68}},"152":{"start":{"line":153,"column":0},"end":{"line":153,"column":30}},"153":{"start":{"line":154,"column":0},"end":{"line":154,"column":16}},"154":{"start":{"line":155,"column":0},"end":{"line":155,"column":32}},"155":{"start":{"line":156,"column":0},"end":{"line":156,"column":29}},"156":{"start":{"line":157,"column":0},"end":{"line":157,"column":27}},"157":{"start":{"line":158,"column":0},"end":{"line":158,"column":17}},"158":{"start":{"line":159,"column":0},"end":{"line":159,"column":10}},"161":{"start":{"line":162,"column":0},"end":{"line":162,"column":69}},"162":{"start":{"line":163,"column":0},"end":{"line":163,"column":68}},"163":{"start":{"line":164,"column":0},"end":{"line":164,"column":32}},"164":{"start":{"line":165,"column":0},"end":{"line":165,"column":32}},"165":{"start":{"line":166,"column":0},"end":{"line":166,"column":29}},"166":{"start":{"line":167,"column":0},"end":{"line":167,"column":27}},"167":{"start":{"line":168,"column":0},"end":{"line":168,"column":17}},"168":{"start":{"line":169,"column":0},"end":{"line":169,"column":10}},"172":{"start":{"line":173,"column":0},"end":{"line":173,"column":21}},"173":{"start":{"line":174,"column":0},"end":{"line":174,"column":33}},"174":{"start":{"line":175,"column":0},"end":{"line":175,"column":37}},"175":{"start":{"line":176,"column":0},"end":{"line":176,"column":27}},"176":{"start":{"line":177,"column":0},"end":{"line":177,"column":7}},"179":{"start":{"line":180,"column":0},"end":{"line":180,"column":49}},"181":{"start":{"line":182,"column":0},"end":{"line":182,"column":37}},"183":{"start":{"line":184,"column":0},"end":{"line":184,"column":55}},"184":{"start":{"line":185,"column":0},"end":{"line":185,"column":36}},"185":{"start":{"line":186,"column":0},"end":{"line":186,"column":7}},"186":{"start":{"line":187,"column":0},"end":{"line":187,"column":34}},"187":{"start":{"line":188,"column":0},"end":{"line":188,"column":5}},"189":{"start":{"line":190,"column":0},"end":{"line":190,"column":32}},"190":{"start":{"line":191,"column":0},"end":{"line":191,"column":32}},"192":{"start":{"line":193,"column":0},"end":{"line":193,"column":39}},"193":{"start":{"line":194,"column":0},"end":{"line":194,"column":3}},"195":{"start":{"line":196,"column":0},"end":{"line":196,"column":23}},"196":{"start":{"line":197,"column":0},"end":{"line":197,"column":61}},"197":{"start":{"line":198,"column":0},"end":{"line":198,"column":3}},"199":{"start":{"line":200,"column":0},"end":{"line":200,"column":25}},"200":{"start":{"line":201,"column":0},"end":{"line":201,"column":63}},"201":{"start":{"line":202,"column":0},"end":{"line":202,"column":21}},"202":{"start":{"line":203,"column":0},"end":{"line":203,"column":3}},"204":{"start":{"line":205,"column":0},"end":{"line":205,"column":60}},"205":{"start":{"line":206,"column":0},"end":{"line":206,"column":37}},"206":{"start":{"line":207,"column":0},"end":{"line":207,"column":3}},"208":{"start":{"line":209,"column":0},"end":{"line":209,"column":18}},"209":{"start":{"line":210,"column":0},"end":{"line":210,"column":74}},"210":{"start":{"line":211,"column":0},"end":{"line":211,"column":20}},"211":{"start":{"line":212,"column":0},"end":{"line":212,"column":3}},"212":{"start":{"line":213,"column":0},"end":{"line":213,"column":1}}},"s":{"0":1,"29":1,"30":3,"31":3,"32":3,"33":3,"34":3,"35":3,"36":3,"37":3,"40":3,"44":3,"45":3,"46":3,"47":3,"48":3,"50":3,"51":3,"52":3,"53":3,"54":0,"55":0,"56":3,"57":0,"58":0,"59":3,"60":0,"61":0,"62":3,"63":3,"65":3,"66":5,"68":5,"70":3,"71":3,"74":3,"75":3,"78":3,"79":5,"80":5,"81":5,"82":3,"84":3,"85":5,"86":5,"87":5,"88":3,"91":3,"92":5,"94":2,"95":2,"96":2,"97":2,"98":1,"99":1,"100":0,"101":0,"102":0,"104":1,"105":0,"106":0,"107":0,"109":1,"110":1,"111":1,"112":1,"113":1,"115":1,"118":1,"119":3,"120":1,"121":3,"122":2,"123":2,"124":1,"126":1,"127":3,"128":1,"129":3,"130":2,"131":2,"132":1,"133":1,"136":4,"137":5,"139":3,"141":4,"142":4,"143":4,"144":4,"145":4,"150":4,"151":4,"152":4,"153":4,"154":4,"155":7,"156":7,"157":7,"158":4,"161":4,"162":4,"163":4,"164":4,"165":7,"166":7,"167":7,"168":4,"172":4,"173":4,"174":7,"175":7,"176":4,"179":4,"181":7,"183":7,"184":3,"185":3,"186":7,"187":7,"189":4,"190":4,"192":4,"193":4,"195":3,"196":1,"197":1,"199":3,"200":1,"201":1,"202":1,"204":3,"205":3,"206":3,"208":3,"209":0,"210":0,"211":0,"212":3},"branchMap":{"0":{"type":"branch","line":30,"loc":{"start":{"line":30,"column":7},"end":{"line":213,"column":1}},"locations":[{"start":{"line":30,"column":7},"end":{"line":213,"column":1}}]},"1":{"type":"branch","line":51,"loc":{"start":{"line":51,"column":2},"end":{"line":64,"column":3}},"locations":[{"start":{"line":51,"column":2},"end":{"line":64,"column":3}}]},"2":{"type":"branch","line":66,"loc":{"start":{"line":66,"column":26},"end":{"line":138,"column":4}},"locations":[{"start":{"line":66,"column":26},"end":{"line":138,"column":4}}]},"3":{"type":"branch","line":69,"loc":{"start":{"line":69,"column":42},"end":{"line":93,"column":15}},"locations":[{"start":{"line":69,"column":42},"end":{"line":93,"column":15}}]},"4":{"type":"branch","line":93,"loc":{"start":{"line":93,"column":4},"end":{"line":134,"column":5}},"locations":[{"start":{"line":93,"column":4},"end":{"line":134,"column":5}}]},"5":{"type":"branch","line":98,"loc":{"start":{"line":98,"column":8},"end":{"line":134,"column":5}},"locations":[{"start":{"line":98,"column":8},"end":{"line":134,"column":5}}]},"6":{"type":"branch","line":100,"loc":{"start":{"line":100,"column":76},"end":{"line":103,"column":9}},"locations":[{"start":{"line":100,"column":76},"end":{"line":103,"column":9}}]},"7":{"type":"branch","line":105,"loc":{"start":{"line":105,"column":69},"end":{"line":108,"column":9}},"locations":[{"start":{"line":105,"column":69},"end":{"line":108,"column":9}}]},"8":{"type":"branch","line":134,"loc":{"start":{"line":134,"column":4},"end":{"line":137,"column":24}},"locations":[{"start":{"line":134,"column":4},"end":{"line":137,"column":24}}]},"9":{"type":"branch","line":79,"loc":{"start":{"line":79,"column":31},"end":{"line":83,"column":7}},"locations":[{"start":{"line":79,"column":31},"end":{"line":83,"column":7}}]},"10":{"type":"branch","line":85,"loc":{"start":{"line":85,"column":31},"end":{"line":89,"column":7}},"locations":[{"start":{"line":85,"column":31},"end":{"line":89,"column":7}}]},"11":{"type":"branch","line":119,"loc":{"start":{"line":119,"column":31},"end":{"line":125,"column":7}},"locations":[{"start":{"line":119,"column":31},"end":{"line":125,"column":7}}]},"12":{"type":"branch","line":120,"loc":{"start":{"line":120,"column":32},"end":{"line":122,"column":15}},"locations":[{"start":{"line":120,"column":32},"end":{"line":122,"column":15}}]},"13":{"type":"branch","line":122,"loc":{"start":{"line":122,"column":8},"end":{"line":124,"column":9}},"locations":[{"start":{"line":122,"column":8},"end":{"line":124,"column":9}}]},"14":{"type":"branch","line":127,"loc":{"start":{"line":127,"column":31},"end":{"line":133,"column":7}},"locations":[{"start":{"line":127,"column":31},"end":{"line":133,"column":7}}]},"15":{"type":"branch","line":128,"loc":{"start":{"line":128,"column":32},"end":{"line":130,"column":15}},"locations":[{"start":{"line":128,"column":32},"end":{"line":130,"column":15}}]},"16":{"type":"branch","line":130,"loc":{"start":{"line":130,"column":8},"end":{"line":132,"column":9}},"locations":[{"start":{"line":130,"column":8},"end":{"line":132,"column":9}}]},"17":{"type":"branch","line":140,"loc":{"start":{"line":140,"column":10},"end":{"line":194,"column":3}},"locations":[{"start":{"line":140,"column":10},"end":{"line":194,"column":3}}]},"18":{"type":"branch","line":145,"loc":{"start":{"line":145,"column":34},"end":{"line":145,"column":46}},"locations":[{"start":{"line":145,"column":34},"end":{"line":145,"column":46}}]},"19":{"type":"branch","line":180,"loc":{"start":{"line":180,"column":48},"end":{"line":188,"column":5}},"locations":[{"start":{"line":180,"column":48},"end":{"line":188,"column":5}}]},"20":{"type":"branch","line":184,"loc":{"start":{"line":184,"column":54},"end":{"line":186,"column":7}},"locations":[{"start":{"line":184,"column":54},"end":{"line":186,"column":7}}]},"21":{"type":"branch","line":152,"loc":{"start":{"line":152,"column":12},"end":{"line":152,"column":67}},"locations":[{"start":{"line":152,"column":12},"end":{"line":152,"column":67}}]},"22":{"type":"branch","line":155,"loc":{"start":{"line":155,"column":11},"end":{"line":159,"column":8}},"locations":[{"start":{"line":155,"column":11},"end":{"line":159,"column":8}}]},"23":{"type":"branch","line":163,"loc":{"start":{"line":163,"column":12},"end":{"line":163,"column":67}},"locations":[{"start":{"line":163,"column":12},"end":{"line":163,"column":67}}]},"24":{"type":"branch","line":165,"loc":{"start":{"line":165,"column":11},"end":{"line":169,"column":8}},"locations":[{"start":{"line":165,"column":11},"end":{"line":169,"column":8}}]},"25":{"type":"branch","line":174,"loc":{"start":{"line":174,"column":23},"end":{"line":177,"column":5}},"locations":[{"start":{"line":174,"column":23},"end":{"line":177,"column":5}}]},"26":{"type":"branch","line":196,"loc":{"start":{"line":196,"column":10},"end":{"line":198,"column":3}},"locations":[{"start":{"line":196,"column":10},"end":{"line":198,"column":3}}]},"27":{"type":"branch","line":200,"loc":{"start":{"line":200,"column":10},"end":{"line":203,"column":3}},"locations":[{"start":{"line":200,"column":10},"end":{"line":203,"column":3}}]},"28":{"type":"branch","line":205,"loc":{"start":{"line":205,"column":9},"end":{"line":207,"column":3}},"locations":[{"start":{"line":205,"column":9},"end":{"line":207,"column":3}}]}},"b":{"0":[3],"1":[3],"2":[5],"3":[3],"4":[2],"5":[1],"6":[0],"7":[0],"8":[4],"9":[5],"10":[5],"11":[3],"12":[1],"13":[2],"14":[3],"15":[1],"16":[2],"17":[4],"18":[0],"19":[7],"20":[3],"21":[3],"22":[7],"23":[3],"24":[7],"25":[7],"26":[1],"27":[1],"28":[3]},"fnMap":{"0":{"name":"<instance_members_initializer>","decl":{"start":{"line":30,"column":7},"end":{"line":213,"column":1}},"loc":{"start":{"line":30,"column":7},"end":{"line":213,"column":1}},"line":30},"1":{"name":"OrderBookService","decl":{"start":{"line":51,"column":2},"end":{"line":64,"column":3}},"loc":{"start":{"line":51,"column":2},"end":{"line":64,"column":3}},"line":51},"2":{"name":"onOpen","decl":{"start":{"line":54,"column":14},"end":{"line":56,"column":8}},"loc":{"start":{"line":54,"column":14},"end":{"line":56,"column":8}},"line":54},"3":{"name":"onError","decl":{"start":{"line":57,"column":15},"end":{"line":59,"column":8}},"loc":{"start":{"line":57,"column":15},"end":{"line":59,"column":8}},"line":57},"4":{"name":"onClose","decl":{"start":{"line":60,"column":15},"end":{"line":62,"column":8}},"loc":{"start":{"line":60,"column":15},"end":{"line":62,"column":8}},"line":60},"5":{"name":"handleMessage","decl":{"start":{"line":66,"column":26},"end":{"line":138,"column":4}},"loc":{"start":{"line":66,"column":26},"end":{"line":138,"column":4}},"line":66},"6":{"name":"notifyUpdate","decl":{"start":{"line":140,"column":10},"end":{"line":194,"column":3}},"loc":{"start":{"line":140,"column":10},"end":{"line":194,"column":3}},"line":140},"7":{"name":"subscribe","decl":{"start":{"line":196,"column":10},"end":{"line":198,"column":3}},"loc":{"start":{"line":196,"column":10},"end":{"line":198,"column":3}},"line":196},"8":{"name":"resubscribe","decl":{"start":{"line":200,"column":10},"end":{"line":203,"column":3}},"loc":{"start":{"line":200,"column":10},"end":{"line":203,"column":3}},"line":200},"9":{"name":"onUpdate","decl":{"start":{"line":205,"column":9},"end":{"line":207,"column":3}},"loc":{"start":{"line":205,"column":9},"end":{"line":207,"column":3}},"line":205},"10":{"name":"close","decl":{"start":{"line":209,"column":9},"end":{"line":212,"column":3}},"loc":{"start":{"line":209,"column":9},"end":{"line":212,"column":3}},"line":209}},"f":{"0":3,"1":3,"2":0,"3":0,"4":0,"5":5,"6":4,"7":1,"8":1,"9":3,"10":0}}
,"/Users/wuhenli/CascadeProjects/order-book/src/lib/services/tradeService.ts": {"path":"/Users/wuhenli/CascadeProjects/order-book/src/lib/services/tradeService.ts","all":true,"statementMap":{"0":{"start":{"line":1,"column":0},"end":{"line":1,"column":8}},"4":{"start":{"line":5,"column":0},"end":{"line":5,"column":38}},"16":{"start":{"line":17,"column":0},"end":{"line":17,"column":27}},"17":{"start":{"line":18,"column":0},"end":{"line":18,"column":38}},"18":{"start":{"line":19,"column":0},"end":{"line":19,"column":66}},"19":{"start":{"line":20,"column":0},"end":{"line":20,"column":34}},"20":{"start":{"line":21,"column":0},"end":{"line":21,"column":37}},"21":{"start":{"line":22,"column":0},"end":{"line":22,"column":34}},"22":{"start":{"line":23,"column":0},"end":{"line":23,"column":64}},"23":{"start":{"line":24,"column":0},"end":{"line":24,"column":52}},"25":{"start":{"line":26,"column":0},"end":{"line":26,"column":17}},"26":{"start":{"line":27,"column":0},"end":{"line":27,"column":51}},"27":{"start":{"line":28,"column":0},"end":{"line":28,"column":42}},"28":{"start":{"line":29,"column":0},"end":{"line":29,"column":21}},"29":{"start":{"line":30,"column":0},"end":{"line":30,"column":25}},"30":{"start":{"line":31,"column":0},"end":{"line":31,"column":8}},"31":{"start":{"line":32,"column":0},"end":{"line":32,"column":27}},"32":{"start":{"line":33,"column":0},"end":{"line":33,"column":49}},"33":{"start":{"line":34,"column":0},"end":{"line":34,"column":33}},"34":{"start":{"line":35,"column":0},"end":{"line":35,"column":8}},"35":{"start":{"line":36,"column":0},"end":{"line":36,"column":22}},"36":{"start":{"line":37,"column":0},"end":{"line":37,"column":33}},"37":{"start":{"line":38,"column":0},"end":{"line":38,"column":8}},"38":{"start":{"line":39,"column":0},"end":{"line":39,"column":7}},"39":{"start":{"line":40,"column":0},"end":{"line":40,"column":3}},"41":{"start":{"line":42,"column":0},"end":{"line":42,"column":58}},"42":{"start":{"line":43,"column":0},"end":{"line":43,"column":45}},"44":{"start":{"line":45,"column":0},"end":{"line":45,"column":70}},"45":{"start":{"line":46,"column":0},"end":{"line":46,"column":13}},"46":{"start":{"line":47,"column":0},"end":{"line":47,"column":5}},"48":{"start":{"line":49,"column":0},"end":{"line":49,"column":62}},"50":{"start":{"line":51,"column":0},"end":{"line":51,"column":26}},"51":{"start":{"line":52,"column":0},"end":{"line":52,"column":31}},"52":{"start":{"line":53,"column":0},"end":{"line":53,"column":29}},"53":{"start":{"line":54,"column":0},"end":{"line":54,"column":16}},"54":{"start":{"line":55,"column":0},"end":{"line":55,"column":11}},"55":{"start":{"line":56,"column":0},"end":{"line":56,"column":6}},"57":{"start":{"line":58,"column":0},"end":{"line":58,"column":34}},"58":{"start":{"line":59,"column":0},"end":{"line":59,"column":4}},"60":{"start":{"line":61,"column":0},"end":{"line":61,"column":29}},"61":{"start":{"line":62,"column":0},"end":{"line":62,"column":9}},"62":{"start":{"line":63,"column":0},"end":{"line":63,"column":69}},"63":{"start":{"line":64,"column":0},"end":{"line":64,"column":35}},"64":{"start":{"line":65,"column":0},"end":{"line":65,"column":21}},"65":{"start":{"line":66,"column":0},"end":{"line":66,"column":47}},"66":{"start":{"line":67,"column":0},"end":{"line":67,"column":31}},"67":{"start":{"line":68,"column":0},"end":{"line":68,"column":5}},"68":{"start":{"line":69,"column":0},"end":{"line":69,"column":3}},"70":{"start":{"line":71,"column":0},"end":{"line":71,"column":31}},"71":{"start":{"line":72,"column":0},"end":{"line":72,"column":27}},"72":{"start":{"line":73,"column":0},"end":{"line":73,"column":73}},"73":{"start":{"line":74,"column":0},"end":{"line":74,"column":60}},"74":{"start":{"line":75,"column":0},"end":{"line":75,"column":13}},"75":{"start":{"line":76,"column":0},"end":{"line":76,"column":5}},"77":{"start":{"line":78,"column":0},"end":{"line":78,"column":66}},"78":{"start":{"line":79,"column":0},"end":{"line":79,"column":56}},"79":{"start":{"line":80,"column":0},"end":{"line":80,"column":13}},"80":{"start":{"line":81,"column":0},"end":{"line":81,"column":5}},"82":{"start":{"line":83,"column":0},"end":{"line":83,"column":35}},"83":{"start":{"line":84,"column":0},"end":{"line":84,"column":31}},"84":{"start":{"line":85,"column":0},"end":{"line":85,"column":23}},"85":{"start":{"line":86,"column":0},"end":{"line":86,"column":3}},"87":{"start":{"line":88,"column":0},"end":{"line":88,"column":31}},"88":{"start":{"line":89,"column":0},"end":{"line":89,"column":63}},"89":{"start":{"line":90,"column":0},"end":{"line":90,"column":27}},"90":{"start":{"line":91,"column":0},"end":{"line":91,"column":3}},"92":{"start":{"line":93,"column":0},"end":{"line":93,"column":58}},"93":{"start":{"line":94,"column":0},"end":{"line":94,"column":54}},"94":{"start":{"line":95,"column":0},"end":{"line":95,"column":13}},"95":{"start":{"line":96,"column":0},"end":{"line":96,"column":5}},"97":{"start":{"line":98,"column":0},"end":{"line":98,"column":36}},"98":{"start":{"line":99,"column":0},"end":{"line":99,"column":3}},"100":{"start":{"line":101,"column":0},"end":{"line":101,"column":18}},"101":{"start":{"line":102,"column":0},"end":{"line":102,"column":63}},"102":{"start":{"line":103,"column":0},"end":{"line":103,"column":27}},"103":{"start":{"line":104,"column":0},"end":{"line":104,"column":3}},"104":{"start":{"line":105,"column":0},"end":{"line":105,"column":1}}},"s":{"0":0,"4":0,"16":0,"17":0,"18":0,"19":0,"20":0,"21":0,"22":0,"23":0,"25":0,"26":0,"27":0,"28":0,"29":0,"30":0,"31":0,"32":0,"33":0,"34":0,"35":0,"36":0,"37":0,"38":0,"39":0,"41":0,"42":0,"44":0,"45":0,"46":0,"48":0,"50":0,"51":0,"52":0,"53":0,"54":0,"55":0,"57":0,"58":0,"60":0,"61":0,"62":0,"63":0,"64":0,"65":0,"66":0,"67":0,"68":0,"70":0,"71":0,"72":0,"73":0,"74":0,"75":0,"77":0,"78":0,"79":0,"80":0,"82":0,"83":0,"84":0,"85":0,"87":0,"88":0,"89":0,"90":0,"92":0,"93":0,"94":0,"95":0,"97":0,"98":0,"100":0,"101":0,"102":0,"103":0,"104":0},"branchMap":{"0":{"type":"branch","line":1,"loc":{"start":{"line":1,"column":2612},"end":{"line":105,"column":1}},"locations":[{"start":{"line":1,"column":2612},"end":{"line":105,"column":1}}]}},"b":{"0":[0]},"fnMap":{"0":{"name":"(empty-report)","decl":{"start":{"line":1,"column":2612},"end":{"line":105,"column":1}},"loc":{"start":{"line":1,"column":2612},"end":{"line":105,"column":1}},"line":1}},"f":{"0":0}}
,"/Users/wuhenli/CascadeProjects/order-book/src/lib/types/index.ts": {"path":"/Users/wuhenli/CascadeProjects/order-book/src/lib/types/index.ts","all":false,"statementMap":{},"s":{},"branchMap":{},"b":{},"fnMap":{},"f":{}}
,"/Users/wuhenli/CascadeProjects/order-book/src/lib/websocket/WebSocketManager.ts": {"path":"/Users/wuhenli/CascadeProjects/order-book/src/lib/websocket/WebSocketManager.ts","all":false,"statementMap":{"13":{"start":{"line":14,"column":0},"end":{"line":14,"column":31}},"14":{"start":{"line":15,"column":0},"end":{"line":15,"column":70}},"15":{"start":{"line":16,"column":0},"end":{"line":16,"column":79}},"16":{"start":{"line":17,"column":0},"end":{"line":17,"column":14}},"17":{"start":{"line":18,"column":0},"end":{"line":18,"column":36}},"20":{"start":{"line":21,"column":0},"end":{"line":21,"column":16}},"21":{"start":{"line":22,"column":0},"end":{"line":22,"column":38}},"22":{"start":{"line":23,"column":0},"end":{"line":23,"column":43}},"23":{"start":{"line":24,"column":0},"end":{"line":24,"column":32}},"24":{"start":{"line":25,"column":0},"end":{"line":25,"column":46}},"25":{"start":{"line":26,"column":0},"end":{"line":26,"column":42}},"27":{"start":{"line":28,"column":0},"end":{"line":28,"column":72}},"28":{"start":{"line":29,"column":0},"end":{"line":29,"column":54}},"29":{"start":{"line":30,"column":0},"end":{"line":30,"column":79}},"30":{"start":{"line":31,"column":0},"end":{"line":31,"column":5}},"31":{"start":{"line":32,"column":0},"end":{"line":32,"column":55}},"32":{"start":{"line":33,"column":0},"end":{"line":33,"column":3}},"34":{"start":{"line":35,"column":0},"end":{"line":35,"column":48}},"35":{"start":{"line":36,"column":0},"end":{"line":36,"column":25}},"36":{"start":{"line":37,"column":0},"end":{"line":37,"column":19}},"37":{"start":{"line":38,"column":0},"end":{"line":38,"column":3}},"39":{"start":{"line":40,"column":0},"end":{"line":40,"column":27}},"40":{"start":{"line":41,"column":0},"end":{"line":41,"column":9}},"41":{"start":{"line":42,"column":0},"end":{"line":42,"column":47}},"42":{"start":{"line":43,"column":0},"end":{"line":43,"column":33}},"43":{"start":{"line":44,"column":0},"end":{"line":44,"column":21}},"44":{"start":{"line":45,"column":0},"end":{"line":45,"column":29}},"45":{"start":{"line":46,"column":0},"end":{"line":46,"column":39}},"46":{"start":{"line":47,"column":0},"end":{"line":47,"column":5}},"47":{"start":{"line":48,"column":0},"end":{"line":48,"column":3}},"49":{"start":{"line":50,"column":0},"end":{"line":50,"column":33}},"50":{"start":{"line":51,"column":0},"end":{"line":51,"column":25}},"52":{"start":{"line":53,"column":0},"end":{"line":53,"column":34}},"53":{"start":{"line":54,"column":0},"end":{"line":54,"column":33}},"54":{"start":{"line":55,"column":0},"end":{"line":55,"column":29}},"57":{"start":{"line":58,"column":0},"end":{"line":58,"column":56}},"58":{"start":{"line":59,"column":0},"end":{"line":59,"column":43}},"59":{"start":{"line":60,"column":0},"end":{"line":60,"column":7}},"60":{"start":{"line":61,"column":0},"end":{"line":61,"column":40}},"63":{"start":{"line":64,"column":0},"end":{"line":64,"column":51}},"64":{"start":{"line":65,"column":0},"end":{"line":65,"column":43}},"65":{"start":{"line":66,"column":0},"end":{"line":66,"column":7}},"66":{"start":{"line":67,"column":0},"end":{"line":67,"column":6}},"68":{"start":{"line":69,"column":0},"end":{"line":69,"column":36}},"69":{"start":{"line":70,"column":0},"end":{"line":70,"column":11}},"70":{"start":{"line":71,"column":0},"end":{"line":71,"column":44}},"73":{"start":{"line":74,"column":0},"end":{"line":74,"column":69}},"77":{"start":{"line":78,"column":0},"end":{"line":78,"column":58}},"78":{"start":{"line":79,"column":0},"end":{"line":79,"column":73}},"79":{"start":{"line":80,"column":0},"end":{"line":80,"column":43}},"80":{"start":{"line":81,"column":0},"end":{"line":81,"column":50}},"81":{"start":{"line":82,"column":0},"end":{"line":82,"column":30}},"82":{"start":{"line":83,"column":0},"end":{"line":83,"column":22}},"83":{"start":{"line":84,"column":0},"end":{"line":84,"column":41}},"84":{"start":{"line":85,"column":0},"end":{"line":85,"column":15}},"85":{"start":{"line":86,"column":0},"end":{"line":86,"column":15}},"86":{"start":{"line":87,"column":0},"end":{"line":87,"column":11}},"87":{"start":{"line":88,"column":0},"end":{"line":88,"column":11}},"88":{"start":{"line":89,"column":0},"end":{"line":89,"column":23}},"89":{"start":{"line":90,"column":0},"end":{"line":90,"column":65}},"90":{"start":{"line":91,"column":0},"end":{"line":91,"column":7}},"91":{"start":{"line":92,"column":0},"end":{"line":92,"column":6}},"93":{"start":{"line":94,"column":0},"end":{"line":94,"column":29}},"94":{"start":{"line":95,"column":0},"end":{"line":95,"column":29}},"95":{"start":{"line":96,"column":0},"end":{"line":96,"column":6}},"97":{"start":{"line":98,"column":0},"end":{"line":98,"column":29}},"98":{"start":{"line":99,"column":0},"end":{"line":99,"column":29}},"99":{"start":{"line":100,"column":0},"end":{"line":100,"column":6}},"100":{"start":{"line":101,"column":0},"end":{"line":101,"column":3}},"102":{"start":{"line":103,"column":0},"end":{"line":103,"column":29}},"103":{"start":{"line":104,"column":0},"end":{"line":104,"column":64}},"104":{"start":{"line":105,"column":0},"end":{"line":105,"column":57}},"105":{"start":{"line":106,"column":0},"end":{"line":106,"column":13}},"106":{"start":{"line":107,"column":0},"end":{"line":107,"column":5}},"108":{"start":{"line":109,"column":0},"end":{"line":109,"column":29}},"109":{"start":{"line":110,"column":0},"end":{"line":110,"column":59}},"110":{"start":{"line":111,"column":0},"end":{"line":111,"column":3}},"112":{"start":{"line":113,"column":0},"end":{"line":113,"column":49}},"113":{"start":{"line":114,"column":0},"end":{"line":114,"column":60}},"114":{"start":{"line":115,"column":0},"end":{"line":115,"column":52}},"115":{"start":{"line":116,"column":0},"end":{"line":116,"column":5}},"117":{"start":{"line":118,"column":0},"end":{"line":118,"column":30}},"118":{"start":{"line":119,"column":0},"end":{"line":119,"column":22}},"119":{"start":{"line":120,"column":0},"end":{"line":120,"column":20}},"120":{"start":{"line":121,"column":0},"end":{"line":121,"column":6}},"122":{"start":{"line":123,"column":0},"end":{"line":123,"column":51}},"123":{"start":{"line":124,"column":0},"end":{"line":124,"column":11}},"124":{"start":{"line":125,"column":0},"end":{"line":125,"column":56}},"125":{"start":{"line":126,"column":0},"end":{"line":126,"column":18}},"126":{"start":{"line":127,"column":0},"end":{"line":127,"column":23}},"127":{"start":{"line":128,"column":0},"end":{"line":128,"column":22}},"128":{"start":{"line":129,"column":0},"end":{"line":129,"column":7}},"129":{"start":{"line":130,"column":0},"end":{"line":130,"column":7}},"130":{"start":{"line":131,"column":0},"end":{"line":131,"column":3}},"132":{"start":{"line":133,"column":0},"end":{"line":133,"column":25}},"133":{"start":{"line":134,"column":0},"end":{"line":134,"column":18}},"134":{"start":{"line":135,"column":0},"end":{"line":135,"column":45}},"135":{"start":{"line":136,"column":0},"end":{"line":136,"column":5}},"136":{"start":{"line":137,"column":0},"end":{"line":137,"column":43}},"137":{"start":{"line":138,"column":0},"end":{"line":138,"column":49}},"138":{"start":{"line":139,"column":0},"end":{"line":139,"column":5}},"139":{"start":{"line":140,"column":0},"end":{"line":140,"column":54}},"141":{"start":{"line":142,"column":0},"end":{"line":142,"column":32}},"142":{"start":{"line":143,"column":0},"end":{"line":143,"column":13}},"143":{"start":{"line":144,"column":0},"end":{"line":144,"column":5}},"145":{"start":{"line":146,"column":0},"end":{"line":146,"column":40}},"146":{"start":{"line":147,"column":0},"end":{"line":147,"column":13}},"147":{"start":{"line":148,"column":0},"end":{"line":148,"column":5}},"149":{"start":{"line":150,"column":0},"end":{"line":150,"column":26}},"152":{"start":{"line":153,"column":0},"end":{"line":153,"column":60}},"153":{"start":{"line":154,"column":0},"end":{"line":154,"column":50}},"154":{"start":{"line":155,"column":0},"end":{"line":155,"column":56}},"155":{"start":{"line":156,"column":0},"end":{"line":156,"column":7}},"156":{"start":{"line":157,"column":0},"end":{"line":157,"column":57}},"157":{"start":{"line":158,"column":0},"end":{"line":158,"column":27}},"158":{"start":{"line":159,"column":0},"end":{"line":159,"column":13}},"159":{"start":{"line":160,"column":0},"end":{"line":160,"column":5}},"162":{"start":{"line":163,"column":0},"end":{"line":163,"column":39}},"163":{"start":{"line":164,"column":0},"end":{"line":164,"column":3}},"165":{"start":{"line":166,"column":0},"end":{"line":166,"column":80}},"166":{"start":{"line":167,"column":0},"end":{"line":167,"column":53}},"167":{"start":{"line":168,"column":0},"end":{"line":168,"column":19}},"168":{"start":{"line":169,"column":0},"end":{"line":169,"column":31}},"169":{"start":{"line":170,"column":0},"end":{"line":170,"column":32}},"170":{"start":{"line":171,"column":0},"end":{"line":171,"column":43}},"171":{"start":{"line":172,"column":0},"end":{"line":172,"column":53}},"172":{"start":{"line":173,"column":0},"end":{"line":173,"column":77}},"173":{"start":{"line":174,"column":0},"end":{"line":174,"column":9}},"174":{"start":{"line":175,"column":0},"end":{"line":175,"column":7}},"175":{"start":{"line":176,"column":0},"end":{"line":176,"column":5}},"176":{"start":{"line":177,"column":0},"end":{"line":177,"column":3}},"178":{"start":{"line":179,"column":0},"end":{"line":179,"column":18}},"179":{"start":{"line":180,"column":0},"end":{"line":180,"column":21}},"180":{"start":{"line":181,"column":0},"end":{"line":181,"column":19}},"181":{"start":{"line":182,"column":0},"end":{"line":182,"column":55}},"182":{"start":{"line":183,"column":0},"end":{"line":183,"column":3}},"183":{"start":{"line":184,"column":0},"end":{"line":184,"column":1}}},"s":{"13":1,"14":1,"15":1,"16":1,"17":1,"20":1,"21":1,"22":1,"23":1,"24":1,"25":1,"27":1,"28":3,"29":1,"30":1,"31":3,"32":3,"34":1,"35":1,"36":1,"37":1,"39":1,"40":2,"41":2,"42":2,"43":2,"44":0,"45":0,"46":0,"47":2,"49":1,"50":2,"52":2,"53":0,"54":0,"57":0,"58":0,"59":0,"60":0,"63":0,"64":0,"65":0,"66":0,"68":2,"69":0,"70":0,"73":0,"77":0,"78":0,"79":0,"80":0,"81":0,"82":0,"83":0,"84":0,"85":0,"86":0,"87":0,"88":0,"89":0,"90":0,"91":0,"93":2,"94":0,"95":0,"97":2,"98":0,"99":0,"100":2,"102":1,"103":0,"104":0,"105":0,"106":0,"108":0,"109":0,"110":0,"112":1,"113":0,"114":0,"115":0,"117":0,"118":0,"119":0,"120":0,"122":0,"123":0,"124":0,"125":0,"126":0,"127":0,"128":0,"129":0,"130":0,"132":1,"133":1,"134":1,"135":1,"136":1,"137":1,"138":1,"139":1,"141":1,"142":0,"143":0,"145":1,"146":0,"147":0,"149":1,"152":1,"153":1,"154":1,"155":1,"156":1,"157":1,"158":1,"159":1,"162":0,"163":1,"165":1,"166":1,"167":1,"168":0,"169":0,"170":0,"171":0,"172":0,"173":0,"174":0,"175":0,"176":1,"178":1,"179":0,"180":0,"181":0,"182":0,"183":1},"branchMap":{"0":{"type":"branch","line":14,"loc":{"start":{"line":14,"column":7},"end":{"line":184,"column":1}},"locations":[{"start":{"line":14,"column":7},"end":{"line":184,"column":1}}]},"1":{"type":"branch","line":15,"loc":{"start":{"line":15,"column":2},"end":{"line":15,"column":70}},"locations":[{"start":{"line":15,"column":2},"end":{"line":15,"column":70}}]},"2":{"type":"branch","line":28,"loc":{"start":{"line":28,"column":16},"end":{"line":33,"column":3}},"locations":[{"start":{"line":28,"column":16},"end":{"line":33,"column":3}}]},"3":{"type":"branch","line":29,"loc":{"start":{"line":29,"column":53},"end":{"line":31,"column":5}},"locations":[{"start":{"line":29,"column":53},"end":{"line":31,"column":5}}]},"4":{"type":"branch","line":35,"loc":{"start":{"line":35,"column":10},"end":{"line":38,"column":3}},"locations":[{"start":{"line":35,"column":10},"end":{"line":38,"column":3}}]},"5":{"type":"branch","line":40,"loc":{"start":{"line":40,"column":2},"end":{"line":48,"column":3}},"locations":[{"start":{"line":40,"column":2},"end":{"line":48,"column":3}}]},"6":{"type":"branch","line":44,"loc":{"start":{"line":44,"column":4},"end":{"line":47,"column":5}},"locations":[{"start":{"line":44,"column":4},"end":{"line":47,"column":5}}]},"7":{"type":"branch","line":50,"loc":{"start":{"line":50,"column":10},"end":{"line":101,"column":3}},"locations":[{"start":{"line":50,"column":10},"end":{"line":101,"column":3}}]},"8":{"type":"branch","line":51,"loc":{"start":{"line":51,"column":18},"end":{"line":51,"column":25}},"locations":[{"start":{"line":51,"column":18},"end":{"line":51,"column":25}}]},"9":{"type":"branch","line":133,"loc":{"start":{"line":133,"column":2},"end":{"line":164,"column":3}},"locations":[{"start":{"line":133,"column":2},"end":{"line":164,"column":3}}]},"10":{"type":"branch","line":142,"loc":{"start":{"line":142,"column":31},"end":{"line":144,"column":5}},"locations":[{"start":{"line":142,"column":31},"end":{"line":144,"column":5}}]},"11":{"type":"branch","line":146,"loc":{"start":{"line":146,"column":39},"end":{"line":148,"column":5}},"locations":[{"start":{"line":146,"column":39},"end":{"line":148,"column":5}}]},"12":{"type":"branch","line":160,"loc":{"start":{"line":160,"column":4},"end":{"line":163,"column":39}},"locations":[{"start":{"line":160,"column":4},"end":{"line":163,"column":39}}]},"13":{"type":"branch","line":166,"loc":{"start":{"line":166,"column":9},"end":{"line":177,"column":3}},"locations":[{"start":{"line":166,"column":9},"end":{"line":177,"column":3}}]},"14":{"type":"branch","line":168,"loc":{"start":{"line":168,"column":18},"end":{"line":176,"column":5}},"locations":[{"start":{"line":168,"column":18},"end":{"line":176,"column":5}}]}},"b":{"0":[1],"1":[1],"2":[3],"3":[1],"4":[1],"5":[2],"6":[0],"7":[2],"8":[0],"9":[1],"10":[0],"11":[0],"12":[0],"13":[1],"14":[0]},"fnMap":{"0":{"name":"<instance_members_initializer>","decl":{"start":{"line":14,"column":7},"end":{"line":184,"column":1}},"loc":{"start":{"line":14,"column":7},"end":{"line":184,"column":1}},"line":14},"1":{"name":"<static_initializer>","decl":{"start":{"line":15,"column":2},"end":{"line":15,"column":70}},"loc":{"start":{"line":15,"column":2},"end":{"line":15,"column":70}},"line":15},"2":{"name":"getInstance","decl":{"start":{"line":28,"column":16},"end":{"line":33,"column":3}},"loc":{"start":{"line":28,"column":16},"end":{"line":33,"column":3}},"line":28},"3":{"name":"WebSocketManager","decl":{"start":{"line":35,"column":10},"end":{"line":38,"column":3}},"loc":{"start":{"line":35,"column":10},"end":{"line":38,"column":3}},"line":35},"4":{"name":"connect","decl":{"start":{"line":40,"column":2},"end":{"line":48,"column":3}},"loc":{"start":{"line":40,"column":2},"end":{"line":48,"column":3}},"line":40},"5":{"name":"setupEventListeners","decl":{"start":{"line":50,"column":10},"end":{"line":101,"column":3}},"loc":{"start":{"line":50,"column":10},"end":{"line":101,"column":3}},"line":50},"6":{"name":"ws.onopen","decl":{"start":{"line":53,"column":21},"end":{"line":67,"column":6}},"loc":{"start":{"line":53,"column":21},"end":{"line":67,"column":6}},"line":53},"7":{"name":"ws.onmessage","decl":{"start":{"line":69,"column":24},"end":{"line":92,"column":6}},"loc":{"start":{"line":69,"column":24},"end":{"line":92,"column":6}},"line":69},"8":{"name":"ws.onerror","decl":{"start":{"line":94,"column":22},"end":{"line":96,"column":6}},"loc":{"start":{"line":94,"column":22},"end":{"line":96,"column":6}},"line":94},"9":{"name":"ws.onclose","decl":{"start":{"line":98,"column":22},"end":{"line":100,"column":6}},"loc":{"start":{"line":98,"column":22},"end":{"line":100,"column":6}},"line":98},"10":{"name":"handleReconnect","decl":{"start":{"line":103,"column":10},"end":{"line":111,"column":3}},"loc":{"start":{"line":103,"column":10},"end":{"line":111,"column":3}},"line":103},"11":{"name":"sendSubscription","decl":{"start":{"line":113,"column":2},"end":{"line":131,"column":3}},"loc":{"start":{"line":113,"column":2},"end":{"line":131,"column":3}},"line":113},"12":{"name":"subscribe","decl":{"start":{"line":133,"column":2},"end":{"line":164,"column":3}},"loc":{"start":{"line":133,"column":2},"end":{"line":164,"column":3}},"line":133},"13":{"name":"unsubscribe","decl":{"start":{"line":166,"column":9},"end":{"line":177,"column":3}},"loc":{"start":{"line":166,"column":9},"end":{"line":177,"column":3}},"line":166},"14":{"name":"close","decl":{"start":{"line":179,"column":9},"end":{"line":183,"column":3}},"loc":{"start":{"line":179,"column":9},"end":{"line":183,"column":3}},"line":179}},"f":{"0":1,"1":1,"2":3,"3":1,"4":2,"5":2,"6":0,"7":0,"8":0,"9":0,"10":0,"11":0,"12":1,"13":1,"14":0}}
,"/Users/wuhenli/CascadeProjects/order-book/src/pages/Demo.tsx": {"path":"/Users/wuhenli/CascadeProjects/order-book/src/pages/Demo.tsx","all":true,"statementMap":{"0":{"start":{"line":1,"column":0},"end":{"line":1,"column":69}},"2":{"start":{"line":3,"column":0},"end":{"line":3,"column":20}},"3":{"start":{"line":4,"column":0},"end":{"line":4,"column":10}},"4":{"start":{"line":5,"column":0},"end":{"line":5,"column":31}},"5":{"start":{"line":6,"column":0},"end":{"line":6,"column":61}},"6":{"start":{"line":7,"column":0},"end":{"line":7,"column":28}},"7":{"start":{"line":8,"column":0},"end":{"line":8,"column":10}},"9":{"start":{"line":10,"column":0},"end":{"line":10,"column":2}},"11":{"start":{"line":12,"column":0},"end":{"line":12,"column":20}}},"s":{"0":0,"2":0,"3":0,"4":0,"5":0,"6":0,"7":0,"9":0,"11":0},"branchMap":{"0":{"type":"branch","line":1,"loc":{"start":{"line":1,"column":266},"end":{"line":12,"column":20}},"locations":[{"start":{"line":1,"column":266},"end":{"line":12,"column":20}}]}},"b":{"0":[0]},"fnMap":{"0":{"name":"(empty-report)","decl":{"start":{"line":1,"column":266},"end":{"line":12,"column":20}},"loc":{"start":{"line":1,"column":266},"end":{"line":12,"column":20}},"line":1}},"f":{"0":0}}
}
